GenisysPro Crash Dump Fri Sep 29 22:30:46 CST 2017

Error: Declaration of _64FF00\PurePerms\cmd\AddGroup::execute(pocketmine\command\CommandSender $sender, string $label, array $args) must be compatible with pocketmine\command\Command::execute(pocketmine\command\CommandSender $sender, $commandLabel, array $args)
File: /plugins/PurePerms_v1.4.0-INDEV.phar/src/_64FF00/PurePerms/cmd/AddGroup
Line: 14
Type: E_COMPILE_ERROR

THIS CRASH WAS CAUSED BY A PLUGIN
BAD PLUGIN : PurePerms v1.4.0-INDEV

Code:
[5] use _64FF00\PurePerms\PurePerms;
[6] 
[7] use pocketmine\command\Command;
[8] use pocketmine\command\CommandSender;
[9] use pocketmine\command\PluginIdentifiableCommand;
[10] 
[11] use pocketmine\plugin\Plugin;
[12] use pocketmine\utils\TextFormat;
[13] 
[14] class AddGroup extends Command implements PluginIdentifiableCommand
[15] {
[16]     /*
[17]         PurePerms by 64FF00 (Twitter: @64FF00)
[18] 
[19]           888  888    .d8888b.      d8888  8888888888 8888888888 .d8888b.   .d8888b.
[20]           888  888   d88P  Y88b    d8P888  888        888       d88P  Y88b d88P  Y88b
[21]         888888888888 888          d8P 888  888        888       888    888 888    888
[22]           888  888   888d888b.   d8P  888  8888888    8888888   888    888 888    888
[23]           888  888   888P "Y88b d88   888  888        888       888    888 888    888
[24]         888888888888 888    888 8888888888 888        888       888    888 888    888

Backtrace:
#0 (): pocketmine\Server->crashDump(boolean)

GenisysPro version: 0000000000000000000000000000000000000000 [Protocol 113; API 3.0.1]
uname -a: Linux localhost 3.10.49-perf-g88f85af-01152-gc2a3a9d #1 SMP PREEMPT Sat Apr 22 07:47:29 CST 2017 aarch64
PHP version: 7.0.9
Zend version: 3.0.0
OS : Linux, android

Server uptime: 23 seconds
Number of loaded worlds: 3
Players online: 0/20

Loaded plugins:
TapToDo 2.2.1 by Falk for API(s) 1.0.0
KillChat 1.0.2.MOD by Array for API(s) 1.9.0, 2.0.0
iProtector 3.1b by LDX for API(s) 1.9.0, 2.0.0
NoFrameDrop 1 by  for API(s) 3.0.0, 3.0.1, 3.0.0-ALPHA1, 3.0.0-ALPHA2, 3.0.0-ALPHA3, 3.0.0-ALPHA3, 3.0.0-ALPHA4, 3.0.0-ALPHA5, 3.0.0-ALPHA6
PocketGuard 2.1.1 by MinecrafterJPN for API(s) 1.10.0
ClearYourInv 1.0.0 by Martin77Epic for API(s) 1.0.0, 2.0.0, 1.15.0
AdminFun 1.0.0 by hoyinm14mc for API(s) 1.12.0, 1.13.0, 2.0.0
EasierTime 1.2 by Ad5001 for API(s) 2.0.0
InventorySize 1 by MaxFreeze for API(s) 2.0.0
NetherChests 1.1.1 by aliuly for API(s) 1.12.0
Titler 0.1.0 by Niekert for API(s) 3.0.0, 3.0.0-ALPHA5, 3.0.0-ALPHA6, 3.0.0-ALPHA7, 3.0.1
Broadcaster 1.16 by EvolSoft for API(s) 1.12.0
CalculatorPE 1.0.0 by Vaivez66 for API(s) 1.12.0
SignModifier 1.0.0 by wolfdale for API(s) 1.3.1
MisteryBox 1 by ISAAC300, ProjectTeamPHP for API(s) 2.0.0
SimpleAuth 1.8.1 by PocketMine Team, shoghicp, awzaw for API(s) 2.0.0, 3.0.0-ALPHA1, 3.0.0-ALPHA2, 3.0.0-ALPHA3, 3.0.0-ALPHA4, 3.0.0-ALPHA5
EconomyAPI 2.0.9 by onebone for API(s) 2.0.0
PurePerms 1.4.0-INDEV by 64FF00 & ProjectInfinity for API(s) 3.0.0-ALPHA7
Trade[PTK] 1 by PTK-KienPham for API(s) 2.0.0, 3.0.0
BlockSniper 1.3.4 by BlockHorizons for API(s) 2.0.0, 2.1.0, 3.0.0-ALPHA1, 3.0.0-ALPHA2, 3.0.0-ALPHA3, 3.0.0-ALPHA4
AutoInv[PTK] 1.0.0 by PTK-KienPham for API(s) 1.0.0, 2.0.0
BaoLoi[PTK] 1 by PTK-KienPham for API(s) 2.0.0, 3.0.0
ChatToolsPro 1.2 by paetti for API(s) 1.0.0, 2.0.0, 3.0.0, 3.0.0-ALPHA, 3.0.0-ALPHA1, 4.0.0, 5.0.0
BanSystem 1.0.3 by xXSuperFrostyXx, randy128gamer for API(s) 2.0.0, 2.1.0, 2.2.0, 2.3.0, 2.4.0
Bar2 0.1v_beta by PTK-KienPham for API(s) 1.0.0, 2.0.0, 2.1.0, 3.0.0, 3.0.0-ALPHA1, 3.0.0-ALPHA2
InstantTree[KienPham] 0.2.0 by KienPham for API(s) 1.0.0, 2.0.0
ChunkLightUpdate 1.0.0 by  for API(s) 3.0.0, 3.0.1, 3.0.0-ALPHA5, 3.0.0-ALPHA6
Bar 0.1v_beta by PTK-KienPham for API(s) 1.0.0, 2.0.0, 2.1.0, 3.0.0, 3.0.0-ALPHA1, 3.0.0-ALPHA2
BoGItem[PTK] 1 by PTK-KienPham for API(s) 2.0.0, 3.0.0
CellPE 2.0.0 by Vaivez66, Bajan for API(s) 3.0.0-ALPHA5, 3.0.0-ALPHA6, 3.0.0-ALPHA7
NapThe[PTK]-F 1 by  for API(s) 2.0.0, 3.0.0
BlockParticle 1 by PTK for API(s) 2.0.0, 3.0.0
CrateKeys 1.0.0 by  for API(s) 3.0.0-ALPHA5, 3.0.0-ALPHA6
PmChair[PTK] 1 by PTK-KienPham for API(s) 2.0.0, 3.0.0
BuyEc[PTK] 3 by  for API(s) 2.0.0, 3.0.0
EconomyJob 2.0.4 by KienPham for API(s) 1.0.0, 2.0.0
Firework[PTK] 1 by PTK-KienPham for API(s) 3.0.0
ItemCloud 1.1 by KienPham for API(s) 1.4.0, 2.0.0
Worlds 1.0.9 by  for API(s) 2.0.0, 3.0.0-ALPHA1, 3.0.0-ALPHA2, 3.0.0-ALPHA3, 3.0.0-ALPHA4, 3.0.0-ALPHA5
ItemCommand 1 by Matrix for API(s) 1.12.0
MSpawns 1.5 by EvolSoft for API(s) 2.0.0, 3.0.0-ALPHA1, 3.0.0-ALPHA2, 3.0.0-ALPHA3, 3.0.0-ALPHA4
VipDay[PTK] 1.0.0 by PTK-KienPham for API(s) 2.0.0, 3.0.0
PlayerShop[PTK] 3.0 by PTK-KienPham for API(s) 1.12.0, 2.0.0
JoinItems 1 by MaxFreeze for API(s) 2.0.0
ToCao[PTK] 5 by PTK-KienPham for API(s) 2.0.0, 3.0.0, 3.0.0ALPHA5
Info[PTK] 2 by PTK-KienPham for API(s) 2.0.0
Dial[PTK] 0.3.1 by PTK-KienPham for API(s) 2.0.0
NameCorrector 1.0.0#build011 by PEMapModder for API(s) 1.8.0, 2.0.0
FactionsPro 1.0 rewrite by PTK-KienPham by Array for API(s) 1.14.0, 2.0.0
Idea_Aro 1 by PVHB for API(s) 2.0.0
GiftCode[PTK] 2 by PTK-KienPham for API(s) 2.0.0, 3.0.0
MineReset 2.2 by Falk for API(s) 1.0.0, 2.0.0
ItemName[PTK] 0.2german by PTK-KienPham for API(s) 2.0.0, 3.0.0, 3.0.0-ALPHA1, 3.0.0-ALPHA2, 3.0.0-ALPHA3
Tool[PTK] 2.0.0 by  for API(s) 2.1.0, 2.0.0
Particles_Shape_BEcraft 1 by BEcraft Gameplay for API(s) 2.0.0, 2.1.0, 3.0.0, 3.0.0-ALPHA4, 3.0.0-ALPHA5
ManyWorlds 2.1.0 by aliuly for API(s) 2.0.0
WorldFixer 1.0.1 by CreeperFace for API(s) 1.0.0, 2.0.0, 3.0.0, 3.0.0-ALPHA4, 3.0.0-ALPHA5, 3.0.0-ALPHA6
WorldProtect[PTK] 1 by PTK-KienPham for API(s) 2.0.0, 3.0.0-ALPHA1, 3.0.0-ALPHA2, 3.0.0-ALPHA3, 3.0.0-ALPHA4, 3.0.0-ALPHA5
SignEnchant[PTK] 1 by KienPham for API(s) 1.0.0, 1.1.0, 1.2.0, 1.2.1, 3.0.0-ALPHA6, 3.0.0-ALPHA5, 3.0.0-ALPHA4, 2.0.0
PlayerVault[PTK] 2 by PTK-KienPham for API(s) 2.0.0, 3.0.0, 3.0.0-ALPHA3, 3.0.0-ALPHA4, 3.0.0-ALPHA5, 3.0.0-ALPHA6, 3.0.0-ALPHA7, 3.0.0-ALPHA8
MagicWE 0.2.6 by thebigsmileXD for API(s) 1.13.0, 2.0.0
SlapperRotation 1.0.1 by jojoe77777 for API(s) 2.0.0, 2.1.0, 3.0.0-ALPHA1, 3.0.0-ALPHA2
Repair[PTK] 3 by PTK-KienPham for API(s) 2.0.0
SimpleAuthHelper 2.0.1 by aliuly for API(s) 1.12.0
EconomyShop 2.0.7 by onebone for API(s) 1.12.0
EconomySell 2.0.7 by onebone for API(s) 1.12.0
EconomyLand 2.0.9 by onebone for API(s) 1.12.0
GrabBag 2.3.0 by aliuly for API(s) 1.10.0, 1.11.0, 1.12.0
PureChat 1.4.0 by 64FF00 for API(s) 3.0.0-ALPHA5, 3.0.0-ALPHA6, 3.0.0-ALPHA7
LavaIs[PTK] 3.2.9 by PTK-KienPham for API(s) 1.2.0, 2.0.0, 3.0.0, 4.0.0
SimpleWarp 3.3.0 by Falkirks for API(s) 2.0.0, 3.0.0-ALPHA1, 3.0.0-ALPHA2, 3.0.0-ALPHA3, 3.0.0-ALPHA4, 3.0.0-ALPHA5
